{
  "RSpec": {
    "coverage": {
      "/Users/adammclean1/wdi/projects/projjie4/railsApp/app/controllers/static_pages_controller.rb": [
        1,
        1,
        null,
        null,
        1,
        null,
        null,
        1,
        null,
        null,
        1,
        null,
        null,
        null
      ],
      "/Users/adammclean1/wdi/projects/projjie4/railsApp/app/controllers/application_controller.rb": [
        1,
        null,
        null,
        1,
        null
      ]
    },
    "timestamp": 1426888438
  }
}
